Removed Member From Class: ClassName=U_TI_FREQ Member=R?
Removed Member From Class: ClassName=U_TI_FREQ Member=U?
Change Component Designator: OldDesignator=C? NewDesignator=C11
Change Component Designator: OldDesignator=R? NewDesignator=R1
Change Component Designator: OldDesignator=R? NewDesignator=R4
Change Component Designator: OldDesignator=R? NewDesignator=R5
Change Component Designator: OldDesignator=R? NewDesignator=R6
Change Component Designator: OldDesignator=U? NewDesignator=U3
Change Component Designator: OldDesignator=U? NewDesignator=U4
Change Component Designator: OldDesignator=U? NewDesignator=U12
Change Component Designator: OldDesignator=U? NewDesignator=U13
Change Component Designator: OldDesignator=U? NewDesignator=U14
Change Net Name : Old Net Name=NetC?_1 New Net Name=NetC11_1
Change Net Name : Old Net Name=NetC?_2 New Net Name=NetC11_2
Change Net Name : Old Net Name=NetR32_1 New Net Name=NetR1_1
Change Net Name : Old Net Name=NetR33_1 New Net Name=NetR4_1
Change Net Name : Old Net Name=NetR34_1 New Net Name=NetR5_1
Change Net Name : Old Net Name=NetR?_2 New Net Name=NetR5_2
Added Pin To Net: NetName=NetR1_2 Pin=R1-2
Added Pin To Net: NetName=NetR1_2 Pin=U3-3
Added Net: Name=NetR1_2
Added Pin To Net: NetName=NetR4_2 Pin=R4-2
Added Pin To Net: NetName=NetR4_2 Pin=U4-3
Added Net: Name=NetR4_2
Added Member To Class: ClassName=U_TI_ADC_VOLTAGE Member=Component R1 Resistor_0603
Added Member To Class: ClassName=U_TI_ADC_VOLTAGE Member=Component R4 Resistor_0603
Added Member To Class: ClassName=U_TI_FREQ Member=Component R6 Resistor_0603
Added Member To Class: ClassName=U_TI_ADC_VOLTAGE Member=Component U3 MCP6001U
Added Member To Class: ClassName=U_TI_ADC_VOLTAGE Member=Component U12 MCP6001U
Added Member To Class: ClassName=U_TI_ADC_VOLTAGE Member=Component U13 MCP6001U
Added Member To Class: ClassName=U_TI_FREQ Member=Component U14 MCP6001U
