Added Component: Designator=T4(TV31B02)
Add component (AddParameter): Name = "Analogue"; Value = "ZMPT101B(https://5nrorwxhmqqijik.leadongcdn.com/ZMPT101B+specification-aidijBqoKomRilSqqokpjkp.pdf)"; VariantName = "[No Variations]"
Add component (AddParameter): Name = "Datasheet"; Value = "https://www.yuanxing.net/pdf/current%20type%20voltage%20transformers.pdf"; VariantName = "[No Variations]"
Add component (AddParameter): Name = "HelpURL"; Value = ""; VariantName = "[No Variations]"
Add component (AddParameter): Name = "Manufacturer"; Value = "YUANXING"; VariantName = "[No Variations]"
Add component (AddParameter): Name = "Package/Case"; Value = ""; VariantName = "[No Variations]"
Add component (AddParameter): Name = "Product Category"; Value = "Current-type Voltage Transformer"; VariantName = "[No Variations]"
Add component (AddParameter): Name = "Value"; Value = ""; VariantName = "[No Variations]"
Added Component: Designator=T5(TV31B02)
Add component (AddParameter): Name = "Analogue"; Value = "ZMPT101B(https://5nrorwxhmqqijik.leadongcdn.com/ZMPT101B+specification-aidijBqoKomRilSqqokpjkp.pdf)"; VariantName = "[No Variations]"
Add component (AddParameter): Name = "Datasheet"; Value = "https://www.yuanxing.net/pdf/current%20type%20voltage%20transformers.pdf"; VariantName = "[No Variations]"
Add component (AddParameter): Name = "HelpURL"; Value = ""; VariantName = "[No Variations]"
Add component (AddParameter): Name = "Manufacturer"; Value = "YUANXING"; VariantName = "[No Variations]"
Add component (AddParameter): Name = "Package/Case"; Value = ""; VariantName = "[No Variations]"
Add component (AddParameter): Name = "Product Category"; Value = "Current-type Voltage Transformer"; VariantName = "[No Variations]"
Add component (AddParameter): Name = "Value"; Value = ""; VariantName = "[No Variations]"
Added Component: Designator=T6(TV31B02)
Add component (AddParameter): Name = "Analogue"; Value = "ZMPT101B(https://5nrorwxhmqqijik.leadongcdn.com/ZMPT101B+specification-aidijBqoKomRilSqqokpjkp.pdf)"; VariantName = "[No Variations]"
Add component (AddParameter): Name = "Datasheet"; Value = "https://www.yuanxing.net/pdf/current%20type%20voltage%20transformers.pdf"; VariantName = "[No Variations]"
Add component (AddParameter): Name = "HelpURL"; Value = ""; VariantName = "[No Variations]"
Add component (AddParameter): Name = "Manufacturer"; Value = "YUANXING"; VariantName = "[No Variations]"
Add component (AddParameter): Name = "Package/Case"; Value = ""; VariantName = "[No Variations]"
Add component (AddParameter): Name = "Product Category"; Value = "Current-type Voltage Transformer"; VariantName = "[No Variations]"
Add component (AddParameter): Name = "Value"; Value = ""; VariantName = "[No Variations]"
Added Pin To Net: NetName=+1V65 Pin=R8-2
Added Pin To Net: NetName=+1V65 Pin=R9-1
Added Pin To Net: NetName=+1V65 Pin=R11-2
Added Pin To Net: NetName=+1V65 Pin=R12-1
Added Pin To Net: NetName=+1V65 Pin=R14-2
Added Pin To Net: NetName=+1V65 Pin=R15-1
Added Pin To Net: NetName=NetR7_1 Pin=T4-1
Added Pin To Net: NetName=+1V65 Pin=T4-2
Added Pin To Net: NetName=NetR10_1 Pin=T5-1
Added Pin To Net: NetName=+1V65 Pin=T5-2
Added Pin To Net: NetName=NetR13_1 Pin=T6-1
Added Pin To Net: NetName=+1V65 Pin=T6-2
Added Pin To Net: NetName=NetT4_3 Pin=T4-3
Added Pin To Net: NetName=NetT4_3 Pin=XP3-2
Added Net: Name=NetT4_3
Added Pin To Net: NetName=NetT4_4 Pin=T4-4
Added Pin To Net: NetName=NetT4_4 Pin=XP3-1
Added Net: Name=NetT4_4
Added Pin To Net: NetName=NetT5_3 Pin=T5-3
Added Pin To Net: NetName=NetT5_3 Pin=XP3-4
Added Net: Name=NetT5_3
Added Pin To Net: NetName=NetT5_4 Pin=T5-4
Added Pin To Net: NetName=NetT5_4 Pin=XP3-3
Added Net: Name=NetT5_4
Added Pin To Net: NetName=NetT6_3 Pin=T6-3
Added Pin To Net: NetName=NetT6_3 Pin=XP3-6
Added Net: Name=NetT6_3
Added Pin To Net: NetName=NetT6_4 Pin=T6-4
Added Pin To Net: NetName=NetT6_4 Pin=XP3-5
Added Net: Name=NetT6_4
Added Member To Class: ClassName=U_TI_ADC_VOLTAGE Member=Component T4 TV31B02
Added Member To Class: ClassName=U_TI_ADC_VOLTAGE Member=Component T5 TV31B02
Added Member To Class: ClassName=U_TI_ADC_VOLTAGE Member=Component T6 TV31B02
