Removed Pin From Net: NetName=U_A Pin=R4-1
Removed Pin From Net: NetName=VOLTAGE_IN_A- Pin=R10-2
Removed Pin From Net: NetName=U_B Pin=R11-1
Removed Pin From Net: NetName=VOLTAGE_IN_C- Pin=R16-2
Removed Pin From Net: NetName=U_C Pin=R19-1
Removed Pin From Net: NetName=VOLTAGE_IN_D- Pin=R39-2
Removed Pin From Net: NetName=VOLTAGE_IN_A+ Pin=U3-3
Removed Pin From Net: NetName=VOLTAGE_IN_A+ Pin=U3-10
Removed Pin From Net: NetName=VOLTAGE_IN_A+ Pin=U3-12
Removed Pin From Net: NetName=VOLTAGE_IN_A- Pin=VD1-1
Removed Pin From Net: NetName=VOLTAGE_IN_A- Pin=VD1-2
Removed Pin From Net: NetName=VOLTAGE_IN_A+ Pin=VD1-3
Removed Pin From Net: NetName=VOLTAGE_IN_C- Pin=VD2-1
Removed Pin From Net: NetName=VOLTAGE_IN_C- Pin=VD2-2
Removed Pin From Net: NetName=VOLTAGE_IN_A+ Pin=VD2-3
Removed Pin From Net: NetName=VOLTAGE_IN_D- Pin=VD3-1
Removed Pin From Net: NetName=VOLTAGE_IN_D- Pin=VD3-2
Removed Pin From Net: NetName=VOLTAGE_IN_A+ Pin=VD3-3
Removed Member From Class: ClassName=U_TI_ADC_VOLTAGE Member=R4
Removed Member From Class: ClassName=U_TI_ADC_VOLTAGE Member=R6
Removed Member From Class: ClassName=U_TI_ADC_VOLTAGE Member=R7
Removed Member From Class: ClassName=U_TI_ADC_VOLTAGE Member=R8
Removed Member From Class: ClassName=U_TI_ADC_VOLTAGE Member=R9
Removed Member From Class: ClassName=U_TI_ADC_VOLTAGE Member=R10
Removed Member From Class: ClassName=U_TI_ADC_VOLTAGE Member=R11
Removed Member From Class: ClassName=U_TI_ADC_VOLTAGE Member=R12
Removed Member From Class: ClassName=U_TI_ADC_VOLTAGE Member=R13
Removed Member From Class: ClassName=U_TI_ADC_VOLTAGE Member=R14
Removed Member From Class: ClassName=U_TI_ADC_VOLTAGE Member=R15
Removed Member From Class: ClassName=U_TI_ADC_VOLTAGE Member=R16
Removed Member From Class: ClassName=U_TI_ADC_VOLTAGE Member=R19
Removed Member From Class: ClassName=U_TI_ADC_VOLTAGE Member=R20
Removed Member From Class: ClassName=U_TI_ADC_VOLTAGE Member=R21
Removed Member From Class: ClassName=U_TI_ADC_VOLTAGE Member=R22
Removed Member From Class: ClassName=U_TI_ADC_VOLTAGE Member=R38
Removed Member From Class: ClassName=U_TI_ADC_VOLTAGE Member=R39
Removed Member From Class: ClassName=U_TI_ADC_VOLTAGE Member=VD1
Removed Member From Class: ClassName=U_TI_ADC_VOLTAGE Member=VD2
Removed Member From Class: ClassName=U_TI_ADC_VOLTAGE Member=VD3
Change Net Name : Old Net Name=VOLTAGE_IN_A+ New Net Name=N
Added Pin To Net: NetName=VOLTAGE_IN_A+ Pin=U3-3
Added Net: Name=VOLTAGE_IN_A+
Added Pin To Net: NetName=VOLTAGE_IN_C+ Pin=U3-10
Added Net: Name=VOLTAGE_IN_C+
Added Pin To Net: NetName=VOLTAGE_IN_D+ Pin=U3-12
Added Net: Name=VOLTAGE_IN_D+
